<?xml version="1.0" encoding="UTF-8"?>
<testsuite xmlns:xsi="http://www.w3.org/2001/XMLSchema-instance" xsi:noNamespaceSchemaLocation="https://maven.apache.org/surefire/maven-surefire-plugin/xsd/surefire-test-report-3.0.xsd" version="3.0" name="io.github.ecc2024team3.oimarket.OimarketApplicationTests" time="5.404" tests="1" errors="0" skipped="0" failures="0">
  <properties>
[...]
</properties>
  <testcase name="contextLoads" classname="io.github.ecc2024team3.oimarket.OimarketApplicationTests" time="0.584">
    <system-out><![CDATA[10:41:52.734 [main] INFO org.springframework.test.context.support.AnnotationConfigContextLoaderUtils -- Could not detect default configuration classes for test class [io.github.ecc2024team3.oimarket.OimarketApplicationTests]: OimarketApplicationTests does not declare any static, non-private, non-final, nested classes annotated with @Configuration.
10:41:52.869 [main] INFO org.springframework.boot.test.context.SpringBootTestContextBootstrapper -- Found @SpringBootConfiguration io.github.ecc2024team3.oimarket.OimarketApplication for test class io.github.ecc2024team3.oimarket.OimarketApplicationTests

  .   ____          _            __ _ _
 /\\ / ___'_ __ _ _(_)_ __  __ _ \ \ \ \
( ( )\___ | '_ | '_| | '_ \/ _` | \ \ \ \
 \\/  ___)| |_)| | | | | || (_| |  ) ) ) )
  '  |____| .__|_| |_|_| |_\__, | / / / /
 =========|_|==============|___/=/_/_/_/
 :: Spring Boot ::                (v3.2.2)

2025-02-15T10:41:53.549+09:00  INFO 52893 --- [           main] i.g.e.oimarket.OimarketApplicationTests  : Starting OimarketApplicationTests using Java 21.0.5 with PID 52893 (started by susie in /Users/susie/Desktop/Temp_Laptop2/Java_Files/Yn/ewha/24_2_ECC_back/oimarket)
2025-02-15T10:41:53.550+09:00  INFO 52893 --- [           main] i.g.e.oimarket.OimarketApplicationTests  : The following 1 profile is active: "test"
2025-02-15T10:41:54.524+09:00  INFO 52893 --- [           main] o.hibernate.jpa.internal.util.LogHelper  : HHH000204: Processing PersistenceUnitInfo [name: default]
2025-02-15T10:41:54.584+09:00  INFO 52893 --- [           main] org.hibernate.Version                    : HHH000412: Hibernate ORM core version 6.4.1.Final
2025-02-15T10:41:54.649+09:00  INFO 52893 --- [           main] o.h.c.internal.RegionFactoryInitiator    : HHH000026: Second-level cache disabled
2025-02-15T10:41:54.917+09:00  INFO 52893 --- [           main] com.zaxxer.hikari.HikariDataSource       : HikariPool-1 - Starting...
2025-02-15T10:41:55.122+09:00  INFO 52893 --- [           main] com.zaxxer.hikari.pool.HikariPool        : HikariPool-1 - Added connection conn0: url=jdbc:h2:mem:testdb user=SA
2025-02-15T10:41:55.123+09:00  INFO 52893 --- [           main] com.zaxxer.hikari.HikariDataSource       : HikariPool-1 - Start completed.
2025-02-15T10:41:55.152+09:00  WARN 52893 --- [           main] org.hibernate.orm.deprecation            : HHH90000025: H2Dialect does not need to be specified explicitly using 'hibernate.dialect' (remove the property setting and it will be selected by default)
2025-02-15T10:41:56.106+09:00  INFO 52893 --- [           main] o.h.e.t.j.p.i.JtaPlatformInitiator       : HHH000489: No JTA platform available (set 'hibernate.transaction.jta.platform' to enable JTA platform integration)
2025-02-15T10:41:56.120+09:00 DEBUG 52893 --- [           main] org.hibernate.SQL                        : 
    drop table if exists bookmarks cascade 
Hibernate: 
    drop table if exists bookmarks cascade 
2025-02-15T10:41:56.123+09:00 DEBUG 52893 --- [           main] org.hibernate.SQL                        : 
    drop table if exists images cascade 
Hibernate: 
    drop table if exists images cascade 
2025-02-15T10:41:56.124+09:00 DEBUG 52893 --- [           main] org.hibernate.SQL                        : 
    drop table if exists likes cascade 
Hibernate: 
    drop table if exists likes cascade 
2025-02-15T10:41:56.124+09:00 DEBUG 52893 --- [           main] org.hibernate.SQL                        : 
    drop table if exists posts cascade 
Hibernate: 
    drop table if exists posts cascade 
2025-02-15T10:41:56.124+09:00 DEBUG 52893 --- [           main] org.hibernate.SQL                        : 
    drop table if exists users cascade 
Hibernate: 
    drop table if exists users cascade 
2025-02-15T10:41:56.128+09:00 DEBUG 52893 --- [           main] org.hibernate.SQL                        : 
    create table bookmarks (
        bookmark_id bigint generated by default as identity,
        created_at timestamp(6),
        post_id bigint not null,
        user_id bigint not null,
        primary key (bookmark_id),
        unique (user_id, post_id)
    )
Hibernate: 
    create table bookmarks (
        bookmark_id bigint generated by default as identity,
        created_at timestamp(6),
        post_id bigint not null,
        user_id bigint not null,
        primary key (bookmark_id),
        unique (user_id, post_id)
    )
2025-02-15T10:41:56.138+09:00 DEBUG 52893 --- [           main] org.hibernate.SQL                        : 
    create table images (
        created_at timestamp(6),
        image_id bigint generated by default as identity,
        post_id bigint not null,
        image_url varchar(500) not null,
        primary key (image_id)
    )
Hibernate: 
    create table images (
        created_at timestamp(6),
        image_id bigint generated by default as identity,
        post_id bigint not null,
        image_url varchar(500) not null,
        primary key (image_id)
    )
2025-02-15T10:41:56.139+09:00 DEBUG 52893 --- [           main] org.hibernate.SQL                        : 
    create table likes (
        created_at timestamp(6),
        like_id bigint generated by default as identity,
        post_id bigint not null,
        user_id bigint not null,
        primary key (like_id),
        unique (user_id, post_id)
    )
Hibernate: 
    create table likes (
        created_at timestamp(6),
        like_id bigint generated by default as identity,
        post_id bigint not null,
        user_id bigint not null,
        primary key (like_id),
        unique (user_id, post_id)
    )
2025-02-15T10:41:56.141+09:00 DEBUG 52893 --- [           main] org.hibernate.SQL                        : 
    create table posts (
        price integer,
        created_at timestamp(6),
        post_id bigint generated by default as identity,
        updated_at timestamp(6),
        user_id bigint not null,
        content TEXT,
        location varchar(255),
        title varchar(255),
        transaction_status varchar(255) not null check (transaction_status in ('ON_SALE','RESERVED','FREE','COMPLETED')),
        primary key (post_id)
    )
Hibernate: 
    create table posts (
        price integer,
        created_at timestamp(6),
        post_id bigint generated by default as identity,
        updated_at timestamp(6),
        user_id bigint not null,
        content TEXT,
        location varchar(255),
        title varchar(255),
        transaction_status varchar(255) not null check (transaction_status in ('ON_SALE','RESERVED','FREE','COMPLETED')),
        primary key (post_id)
    )
2025-02-15T10:41:56.146+09:00 DEBUG 52893 --- [           main] org.hibernate.SQL                        : 
    create table users (
        created_at timestamp(6) not null,
        user_id bigint generated by default as identity,
        password varchar(60) not null,
        nickname varchar(100) not null unique,
        profile_image varchar(500),
        email varchar(255) not null unique,
        primary key (user_id)
    )
Hibernate: 
    create table users (
        created_at timestamp(6) not null,
        user_id bigint generated by default as identity,
        password varchar(60) not null,
        nickname varchar(100) not null unique,
        profile_image varchar(500),
        email varchar(255) not null unique,
        primary key (user_id)
    )
2025-02-15T10:41:56.148+09:00 DEBUG 52893 --- [           main] org.hibernate.SQL                        : 
    alter table if exists bookmarks 
       add constraint FK7nbb4ldgek7ux7y6lu0y4g826 
       foreign key (post_id) 
       references posts
Hibernate: 
    alter table if exists bookmarks 
       add constraint FK7nbb4ldgek7ux7y6lu0y4g826 
       foreign key (post_id) 
       references posts
2025-02-15T10:41:56.158+09:00 DEBUG 52893 --- [           main] org.hibernate.SQL                        : 
    alter table if exists bookmarks 
       add constraint FKdbsho2e05w5r13fkjqfjmge5f 
       foreign key (user_id) 
       references users
Hibernate: 
    alter table if exists bookmarks 
       add constraint FKdbsho2e05w5r13fkjqfjmge5f 
       foreign key (user_id) 
       references users
2025-02-15T10:41:56.170+09:00 DEBUG 52893 --- [           main] org.hibernate.SQL                        : 
    alter table if exists images 
       add constraint FKcp0pycisii8ub3q4b7x5mfpn1 
       foreign key (post_id) 
       references posts
Hibernate: 
    alter table if exists images 
       add constraint FKcp0pycisii8ub3q4b7x5mfpn1 
       foreign key (post_id) 
       references posts
2025-02-15T10:41:56.171+09:00 DEBUG 52893 --- [           main] org.hibernate.SQL                        : 
    alter table if exists likes 
       add constraint FKry8tnr4x2vwemv2bb0h5hyl0x 
       foreign key (post_id) 
       references posts
Hibernate: 
    alter table if exists likes 
       add constraint FKry8tnr4x2vwemv2bb0h5hyl0x 
       foreign key (post_id) 
       references posts
2025-02-15T10:41:56.173+09:00 DEBUG 52893 --- [           main] org.hibernate.SQL                        : 
    alter table if exists likes 
       add constraint FKnvx9seeqqyy71bij291pwiwrg 
       foreign key (user_id) 
       references users
Hibernate: 
    alter table if exists likes 
       add constraint FKnvx9seeqqyy71bij291pwiwrg 
       foreign key (user_id) 
       references users
2025-02-15T10:41:56.174+09:00 DEBUG 52893 --- [           main] org.hibernate.SQL                        : 
    alter table if exists posts 
       add constraint FK5lidm6cqbc7u4xhqpxm898qme 
       foreign key (user_id) 
       references users
Hibernate: 
    alter table if exists posts 
       add constraint FK5lidm6cqbc7u4xhqpxm898qme 
       foreign key (user_id) 
       references users
2025-02-15T10:41:57.344+09:00  INFO 52893 --- [           main] i.g.e.oimarket.OimarketApplicationTests  : Started OimarketApplicationTests in 4.099 seconds (process running for 5.435)
]]></system-out>
    <system-err><![CDATA[WARNING: A Java agent has been loaded dynamically (/Users/susie/.m2/repository/net/bytebuddy/byte-buddy-agent/1.14.11/byte-buddy-agent-1.14.11.jar)
WARNING: If a serviceability tool is in use, please run with -XX:+EnableDynamicAgentLoading to hide this warning
WARNING: If a serviceability tool is not in use, please run with -Djdk.instrument.traceUsage for more information
WARNING: Dynamic loading of agents will be disallowed by default in a future release
]]></system-err>
  </testcase>
</testsuite>